<?xml version="1.0" encoding="UTF-8"?>
<!-- Generated by org.testng.reporters.JUnitReportReporter -->
<testsuite hostname="Rajesh" failures="0" tests="10" name="Testcases.clickable_function" time="75.160" errors="0" timestamp="2024-07-01T13:38:28 IST" skipped="2">
  <testcase classname="Testcases.clickable_function" name="TC_01" time="4.998"/>
  <system-out/>
  <testcase classname="Testcases.clickable_function" name="TC_02" time="5.418"/>
  <system-out/>
  <testcase classname="Testcases.clickable_function" name="TC_03" time="6.975"/>
  <system-out/>
  <testcase classname="Testcases.clickable_function" name="TC_05" time="13.615"/>
  <system-out/>
  <testcase classname="Testcases.clickable_function" name="TC_06" time="10.073"/>
  <system-out/>
  <testcase classname="Testcases.clickable_function" name="TC_07" time="13.762"/>
  <system-out/>
  <testcase classname="Testcases.clickable_function" name="TC_08" time="12.825"/>
  <system-out/>
  <testcase classname="Testcases.clickable_function" name="TC_10" time="7.494"/>
  <system-out/>
  <testcase classname="Testcases.clickable_function" name="TC_04">
    <skipped/>
  </testcase> <!-- TC_04 -->
  <system-out/>
  <testcase classname="Testcases.clickable_function" name="TC_09">
    <skipped/>
  </testcase> <!-- TC_09 -->
  <system-out/>
</testsuite> <!-- Testcases.clickable_function -->
