<?xml version="1.0" encoding="UTF-8"?>
<!-- Generated by org.testng.reporters.JUnitReportReporter -->
<testsuite hostname="Rajesh" failures="0" tests="12" name="Testcases.After_Login" time="219.095" errors="0" timestamp="2024-06-25T15:37:06 IST" skipped="0">
  <testcase classname="Testcases.After_Login" name="Login_Dashboard" time="16.928"/>
  <system-out/>
  <testcase classname="Testcases.After_Login" name="signup_login" time="15.973"/>
  <system-out/>
  <testcase classname="Testcases.After_Login" name="after_login_changeto_filter" time="19.898"/>
  <system-out/>
  <testcase classname="Testcases.After_Login" name="Surveycard_back_navigation" time="21.973"/>
  <system-out/>
  <testcase classname="Testcases.After_Login" name="printing_survey_title" time="15.629"/>
  <system-out/>
  <testcase classname="Testcases.After_Login" name="allsurveys_cardLIST" time="15.316"/>
  <system-out/>
  <testcase classname="Testcases.After_Login" name="Scheduled_surveys_cardNumber" time="20.163"/>
  <system-out/>
  <testcase classname="Testcases.After_Login" name="Completed_survey_list" time="19.396"/>
  <system-out/>
  <testcase classname="Testcases.After_Login" name="LIVE_surveycard_Numbers" time="20.550"/>
  <system-out/>
  <testcase classname="Testcases.After_Login" name="Overview" time="14.417"/>
  <system-out/>
  <testcase classname="Testcases.After_Login" name="allsurveys_Heading" time="15.816"/>
  <system-out/>
  <testcase classname="Testcases.After_Login" name="print_the_firstsurvey_response" time="23.036"/>
  <system-out/>
</testsuite> <!-- Testcases.After_Login -->
