<?xml version="1.0" encoding="UTF-8"?>
<!-- Generated by org.testng.reporters.JUnitReportReporter -->
<testsuite hostname="Rajesh" failures="0" tests="11" name="Testcases.SignUp" time="179.378" errors="0" timestamp="2024-07-01T13:38:28 IST" skipped="2">
  <testcase classname="Testcases.SignUp" name="click_actions" time="4.729"/>
  <system-out/>
  <testcase classname="Testcases.SignUp" name="clickon_signup" time="5.179"/>
  <system-out/>
  <testcase classname="Testcases.SignUp" name="login_signup" time="7.557"/>
  <system-out/>
  <testcase classname="Testcases.SignUp" name="signup_Invalidemail" time="29.713"/>
  <system-out/>
  <testcase classname="Testcases.SignUp" name="signup_Invalid_OTP" time="34.896"/>
  <system-out/>
  <testcase classname="Testcases.SignUp" name="Login_signup" time="5.010"/>
  <system-out/>
  <testcase classname="Testcases.SignUp" name="existing_emailid" time="5.773"/>
  <system-out/>
  <testcase classname="Testcases.SignUp" name="signup_resendcode" time="38.444"/>
  <system-out/>
  <testcase classname="Testcases.SignUp" name="signup_MultipleInvalidOtps" time="48.077"/>
  <system-out/>
  <testcase classname="Testcases.SignUp" name="signup_Welcome">
    <skipped/>
  </testcase> <!-- signup_Welcome -->
  <system-out/>
  <testcase classname="Testcases.SignUp" name="signup_EmptyEmail">
    <skipped/>
  </testcase> <!-- signup_EmptyEmail -->
  <system-out/>
</testsuite> <!-- Testcases.SignUp -->
