<?xml version="1.0" encoding="UTF-8"?>
<!-- Generated by org.testng.reporters.JUnitReportReporter -->
<testsuite hostname="Rajesh" failures="0" tests="10" name="Testcases.Login_in" time="178.381" errors="0" timestamp="2024-07-01T13:38:28 IST" skipped="0">
  <testcase classname="Testcases.Login_in" name="clickon_login" time="13.737"/>
  <system-out/>
  <testcase classname="Testcases.Login_in" name="Resend_OTP" time="54.837"/>
  <system-out/>
  <testcase classname="Testcases.Login_in" name="Invalid_Email" time="14.406"/>
  <system-out/>
  <testcase classname="Testcases.Login_in" name="email_error_message" time="12.486"/>
  <system-out/>
  <testcase classname="Testcases.Login_in" name="OTP_error" time="18.400"/>
  <system-out/>
  <testcase classname="Testcases.Login_in" name="login_signup" time="4.094"/>
  <system-out/>
  <testcase classname="Testcases.Login_in" name="New_emailid" time="14.330"/>
  <system-out/>
  <testcase classname="Testcases.Login_in" name="signup_login" time="15.739"/>
  <system-out/>
  <testcase classname="Testcases.Login_in" name="New_emailid_clickon_get_started" time="13.786"/>
  <system-out/>
  <testcase classname="Testcases.Login_in" name="New_emailidclickon_get_started" time="16.566"/>
  <system-out/>
</testsuite> <!-- Testcases.Login_in -->
