<?xml version="1.0" encoding="UTF-8"?>
<!-- Generated by org.testng.reporters.JUnitReportReporter -->
<testsuite hostname="Rajesh" failures="0" tests="7" name="Testcases.Create_an_account" time="44.688" errors="0" timestamp="2024-06-14T11:39:26 IST" skipped="6">
  <testcase classname="Testcases.Create_an_account" name="Resend_OTP" time="44.688"/>
  <system-out/>
  <testcase classname="Testcases.Create_an_account" name="cc">
    <skipped/>
  </testcase> <!-- cc -->
  <system-out/>
  <testcase classname="Testcases.Create_an_account" name="name">
    <skipped/>
  </testcase> <!-- name -->
  <system-out/>
  <testcase classname="Testcases.Create_an_account" name="Print_Location_errormessage">
    <skipped/>
  </testcase> <!-- Print_Location_errormessage -->
  <system-out/>
  <testcase classname="Testcases.Create_an_account" name="Surveycard_response">
    <skipped/>
  </testcase> <!-- Surveycard_response -->
  <system-out/>
  <testcase classname="Testcases.Create_an_account" name="signup_Welcome">
    <skipped/>
  </testcase> <!-- signup_Welcome -->
  <system-out/>
  <testcase classname="Testcases.Create_an_account" name="login_signup">
    <skipped/>
  </testcase> <!-- login_signup -->
  <system-out/>
</testsuite> <!-- Testcases.Create_an_account -->
