<?xml version="1.0" encoding="UTF-8"?>
<!-- Generated by org.testng.reporters.JUnitReportReporter -->
<testsuite hostname="Rajesh" failures="0" tests="8" name="Testcases.SignUp" time="48.361" errors="0" timestamp="2024-06-07T12:40:35 IST" skipped="1">
  <testcase classname="Testcases.SignUp" name="click_actions" time="5.781"/>
  <system-out/>
  <testcase classname="Testcases.SignUp" name="clickon_signup" time="5.538"/>
  <system-out/>
  <testcase classname="Testcases.SignUp" name="login_signup" time="1.883"/>
  <system-out/>
  <testcase classname="Testcases.SignUp" name="signup_Invalidemail" time="2.278"/>
  <system-out/>
  <testcase classname="Testcases.SignUp" name="signup_Invalid_OTP" time="7.456"/>
  <system-out/>
  <testcase classname="Testcases.SignUp" name="Login_signup" time="21.282"/>
  <system-out/>
  <testcase classname="Testcases.SignUp" name="existing_emailid" time="4.143"/>
  <system-out/>
  <testcase classname="Testcases.SignUp" name="signup_Welcome">
    <skipped/>
  </testcase> <!-- signup_Welcome -->
  <system-out/>
</testsuite> <!-- Testcases.SignUp -->
