<?xml version="1.0" encoding="UTF-8"?>
<!-- Generated by org.testng.reporters.JUnitReportReporter -->
<testsuite hostname="Rajesh" failures="0" tests="13" name="Testcases.After_Login" time="235.467" errors="0" timestamp="2024-06-07T13:12:21 IST" skipped="1">
  <testcase classname="Testcases.After_Login" name="Login_Dashboard" time="16.291"/>
  <system-out/>
  <testcase classname="Testcases.After_Login" name="signup_login" time="16.159"/>
  <system-out/>
  <testcase classname="Testcases.After_Login" name="after_login_changeto_filter" time="19.976"/>
  <system-out/>
  <testcase classname="Testcases.After_Login" name="Surveycard_back_navigation" time="24.483"/>
  <system-out/>
  <testcase classname="Testcases.After_Login" name="Surveycard_back_navigation" time="15.657">
    <skipped/>
  </testcase> <!-- Surveycard_back_navigation -->
  <system-out/>
  <testcase classname="Testcases.After_Login" name="printing_survey_title" time="15.480"/>
  <system-out/>
  <testcase classname="Testcases.After_Login" name="allsurveys_cardLIST" time="14.953"/>
  <system-out/>
  <testcase classname="Testcases.After_Login" name="Scheduled_surveys_cardNumber" time="18.698"/>
  <system-out/>
  <testcase classname="Testcases.After_Login" name="Completed_survey_list" time="21.042"/>
  <system-out/>
  <testcase classname="Testcases.After_Login" name="LIVE_surveycard_Numbers" time="18.567"/>
  <system-out/>
  <testcase classname="Testcases.After_Login" name="Overview" time="15.368"/>
  <system-out/>
  <testcase classname="Testcases.After_Login" name="allsurveys_Heading" time="15.829"/>
  <system-out/>
  <testcase classname="Testcases.After_Login" name="print_the_sureyfirstquestion_response" time="22.964"/>
  <system-out/>
</testsuite> <!-- Testcases.After_Login -->
