<?xml version="1.0" encoding="UTF-8"?>
<!-- Generated by org.testng.reporters.JUnitReportReporter -->
<testsuite hostname="Rajesh" failures="0" tests="25" name="Testcases.Create_an_account" time="295.445" errors="0" timestamp="2024-06-05T16:43:15 IST" skipped="6">
  <testcase classname="Testcases.Create_an_account" name="click_actions" time="4.015"/>
  <system-out/>
  <testcase classname="Testcases.Create_an_account" name="clickon_login" time="4.141"/>
  <system-out/>
  <testcase classname="Testcases.Create_an_account" name="clickon_signup" time="2.143"/>
  <system-out/>
  <testcase classname="Testcases.Create_an_account" name="Login_Dashboard" time="17.015"/>
  <system-out/>
  <testcase classname="Testcases.Create_an_account" name="Resend_OTP" time="42.771"/>
  <system-out/>
  <testcase classname="Testcases.Create_an_account" name="Invalid_Email" time="2.286"/>
  <system-out/>
  <testcase classname="Testcases.Create_an_account" name="email_error_message" time="2.196"/>
  <system-out/>
  <testcase classname="Testcases.Create_an_account" name="OTP_error" time="7.093"/>
  <system-out/>
  <testcase classname="Testcases.Create_an_account" name="signup_login" time="1.802"/>
  <system-out/>
  <testcase classname="Testcases.Create_an_account" name="after_login_changeto_filter" time="20.625"/>
  <system-out/>
  <testcase classname="Testcases.Create_an_account" name="Surveycard_back_navigation" time="23.858"/>
  <system-out/>
  <testcase classname="Testcases.Create_an_account" name="printing_survey_title" time="16.839"/>
  <system-out/>
  <testcase classname="Testcases.Create_an_account" name="allsurveys_cardLIST" time="16.224"/>
  <system-out/>
  <testcase classname="Testcases.Create_an_account" name="Scheduled_surveys_cardNumber" time="39.962"/>
  <system-out/>
  <testcase classname="Testcases.Create_an_account" name="Completed_survey_list" time="20.517"/>
  <system-out/>
  <testcase classname="Testcases.Create_an_account" name="LIVE_surveycard_Numbers" time="19.856"/>
  <system-out/>
  <testcase classname="Testcases.Create_an_account" name="Overview" time="14.464"/>
  <system-out/>
  <testcase classname="Testcases.Create_an_account" name="allsurveys_Heading" time="16.521"/>
  <system-out/>
  <testcase classname="Testcases.Create_an_account" name="print_the_sureyfirstquestion_response" time="23.117"/>
  <system-out/>
  <testcase classname="Testcases.Create_an_account" name="Surveycard_response">
    <skipped/>
  </testcase> <!-- Surveycard_response -->
  <system-out/>
  <testcase classname="Testcases.Create_an_account" name="Print_Location_errormessage">
    <skipped/>
  </testcase> <!-- Print_Location_errormessage -->
  <system-out/>
  <testcase classname="Testcases.Create_an_account" name="cc">
    <skipped/>
  </testcase> <!-- cc -->
  <system-out/>
  <testcase classname="Testcases.Create_an_account" name="signup_Welcome">
    <skipped/>
  </testcase> <!-- signup_Welcome -->
  <system-out/>
  <testcase classname="Testcases.Create_an_account" name="login_signup">
    <skipped/>
  </testcase> <!-- login_signup -->
  <system-out/>
  <testcase classname="Testcases.Create_an_account" name="name">
    <skipped/>
  </testcase> <!-- name -->
  <system-out/>
</testsuite> <!-- Testcases.Create_an_account -->
