<?xml version="1.0" encoding="UTF-8"?>
<!-- Generated by org.testng.reporters.JUnitReportReporter -->
<testsuite hostname="Rajesh" failures="0" tests="8" name="Testcases.Login_in" time="88.179" errors="0" timestamp="2024-06-07T12:44:09 IST" skipped="1">
  <testcase classname="Testcases.Login_in" name="clickon_login" time="3.782"/>
  <system-out/>
  <testcase classname="Testcases.Login_in" name="Resend_OTP" time="44.259"/>
  <system-out/>
  <testcase classname="Testcases.Login_in" name="Invalid_Email" time="3.390"/>
  <system-out/>
  <testcase classname="Testcases.Login_in" name="email_error_message" time="6.191"/>
  <system-out/>
  <testcase classname="Testcases.Login_in" name="OTP_error" time="7.776"/>
  <system-out/>
  <testcase classname="Testcases.Login_in" name="New_eamilid" time="7.615"/>
  <system-out/>
  <testcase classname="Testcases.Login_in" name="signup_login" time="15.166"/>
  <system-out/>
  <testcase classname="Testcases.Login_in" name="login_signup">
    <skipped/>
  </testcase> <!-- login_signup -->
  <system-out/>
</testsuite> <!-- Testcases.Login_in -->
