<?xml version="1.0" encoding="UTF-8"?>
<!-- Generated by org.testng.reporters.JUnitReportReporter -->
<testsuite hostname="Rajesh" failures="0" tests="1" name="Testcases.Login_01" time="5.140" errors="0" timestamp="2024-05-31T14:47:09 IST" skipped="0">
  <testcase classname="Testcases.Login_01" name="login2" time="5.140"/>
  <system-out/>
</testsuite> <!-- Testcases.Login_01 -->
